# 
# Steps log generated by v++
# This log file contains a collection of steps that describe the kernel compilation flow
# Note: Some steps are tagged as internal, these steps are for debugging purposes and 
#       are not expected to be able to run independently.
# 

# The following environment variables are set when running vitis-run
Environment variables :
------------------------------------------
ALLUSERSPROFILE=C:\ProgramData
APPDATA=C:\Users\yifei\AppData\Roaming
arr.length=0
arr.Ubound=-1
asl.log=Destination=file
CHARPOP=1
ChocolateyInstall=C:\ProgramData\chocolatey
ChocolateyLastPathUpdate=132872733188188280
CMAKE_OBJECT_PATH_MAX=4096
CommonProgramFiles=C:\Program Files\Common Files
CommonProgramFiles(x86)=C:\Program Files (x86)\Common Files
CommonProgramW6432=C:\Program Files\Common Files
COMPUTERNAME=LAPTOP-PEAR
ComSpec=C:\Windows\system32\cmd.exe
DriverData=C:\Windows\System32\Drivers\DriverData
HDI_APPROOT=D:/Xilinx/Vitis/2024.1
HDI_PROCESSOR=i686
HOMEDRIVE=C:
HOMEPATH=\Users\yifei
HW_SERVER_DJTG_DISABLE=1
HW_SERVER_FTDIMGR_DISABLE=1
IDE_SKIP_SERVER_LICENSE=1
INT_VARIABLE_NAME=XILINX_PATH
ISL_IOSTREAMS_RSA=D:/Xilinx/Vitis/2024.1/tps/isl
JAVA_EXE=D:/Xilinx\Vitis\2024.1\tps\win64\jre11.0.16_1\bin\java.exe
JAVA_HOME=D:/Xilinx\Vitis\2024.1\tps\win64\jre11.0.16_1
LC_NUMERIC=C
LOCALAPPDATA=C:\Users\yifei\AppData\Local
LOGONSERVER=\\LAPTOP-PEAR
LOPPER_DTC_FLAGS=-b 0 -@
NOSPLASH=false
NUMBER_OF_PROCESSORS=16
OneDrive=C:\Users\yifei\OneDrive
OneDriveConsumer=C:\Users\yifei\OneDrive
ORIGINAL_XDG_CURRENT_DESKTOP=undefined
OS=Windows_NT
PATH=D:/Xilinx/Vivado/2024.1/tps/win64/binutils-2.26/bin;D:/Xilinx/Vitis/2024.1/bin/../gnu/aarch64/nt/aarch64-linux/bin;D:/Xilinx/Vitis/2024.1/bin/../gnu/ppc64le/4.9.3/win64/bin;D:/Xilinx/Vitis/2024.1/bin/../gnu/aarch32/nt/gcc-arm-linux-gnueabi/bin;D:/Xilinx\Vitis_HLS\2024.1/tps/mingw/6.2.0/win64.o/nt/bin;D:/Xilinx/Vivado/2024.1\gnuwin\bin;D:/Xilinx/Vivado/2024.1\gnu\microblaze\nt\bin;D:/Xilinx/Vitis/2024.1/bin;D:/Xilinx/Vitis/2024.1/tps/win64/java-cef-95.0.4638.69/bin/lib/win64;D:/Xilinx/Vitis/2024.1/tps/win64/javafx-sdk-11.0.2/lib;D:/Xilinx/Vitis/2024.1/tps/win64/javafx-sdk-11.0.2/bin;D:/Xilinx/Vitis/2024.1/lib/win64.o;D:/Xilinx/Vitis/2024.1/tps/win64/jre11.0.16_1/bin/server;D:/Xilinx/Vitis/2024.1/tps/win64/jre11.0.16_1/bin;D:\Xilinx\Vitis\2024.1\tps\win64\lopper-1.1.0-packages\min_sdk\\usr\bin;D:/Xilinx\Vitis\2024.1\tps\win64\cmake-3.24.2\bin;D:/Xilinx\Vitis\2024.1\gnu\microblaze\nt\bin;D:/Xilinx\Vitis\2024.1\gnu\microblaze\linux_toolchain\nt64_le\bin;D:/Xilinx\Vitis\2024.1\gnu\aarch32\nt\gcc-arm-linux-gnueabi\bin;D:/Xilinx\Vitis\2024.1\gnu\aarch32\nt\gcc-arm-none-eabi\bin;D:/Xilinx\Vitis\2024.1\gnu\aarch64\nt\aarch64-linux\bin;D:/Xilinx\Vitis\2024.1\gnu\aarch64\nt\aarch64-none\bin;D:/Xilinx\Vitis\2024.1\gnu\armr5\nt\gcc-arm-none-eabi\bin;D:/Xilinx\Vitis\2024.1\gnuwin\bin;D:/Xilinx\Vitis\2024.1\tps\win64\python-3.8.3;D:/Xilinx\Vitis\2024.1\tps\win64\libxslt\bin;D:/Xilinx/Vivado/2024.1\bin;D:/Xilinx/Vitis/2024.1\gnu\arm\nt\bin;D:/Xilinx/Vitis/2024.1\gnu\microblaze\linux_toolchain\nt64_be\bin;D:/Xilinx/Vitis/2024.1\gnu\riscv\nt\riscv64-unknown-elf\bin;D:/Xilinx/Vitis/2024.1\tps\win64\git-2.16.2\bin;D:/Xilinx/Vitis/2024.1\win64\tools\clang\bin;D:/Xilinx\Vitis_HLS\2024.1\lib\win64.o;D:/Xilinx\Vitis_HLS\2024.1\bin;D:/Xilinx/Vivado/2024.1  /bin;/bin;C:\Program Files (x86)\Common Files\Oracle\Java\javapath;C:\Python310\Scripts\;C:\Python310\;C:\Windows\system32;C:\Windows;C:\Windows\System32\Wbem;C:\Windows\System32\WindowsPowerShell\v1.0\;C:\Windows\System32\OpenSSH\;C:\Program Files (x86)\ZeroTier\One\;C:\cygwin\bin;C:\Program Files\nodejs\;C:\ProgramData\chocolatey\bin;C:\Program Files\Git\cmd;C:\Program Files\MATLAB\R2021b\bin;C:\Program Files\Docker\Docker\resources\bin;C:\ProgramData\DockerDesktop\version-bin;C:\Program Files (x86)\dotnet\;C:\Program Files\NVIDIA Corporation\NVIDIA NvDLISR;C:\Program Files\dotnet\;C:\Program Files\mingw64\bin;C:\Program Files\CMake\bin;D:\OpenCV\install\x64\mingw\bin;C:\Program Files\MySQL\MySQL Shell 8.0\bin\;C:\Users\yifei\AppData\Local\Microsoft\WindowsApps;C:\Users\yifei\AppData\Local\Programs\Microsoft VS Code\bin;C:\Users\yifei\AppData\Roaming\npm;C:\Program Files\MySQL\MySQL Server 8.0\bin;;D:/Xilinx/Vitis/2024.1\tps\mingw\6.2.0\win64.o\nt\bin;D:/Xilinx/Vitis/2024.1\tps\mingw\6.2.0\win64.o\nt\libexec\gcc\x86_64-w64-mingw32\6.2.0
PATHEXT=.COM;.EXE;.BAT;.CMD;.VBS;.VBE;.JS;.JSE;.WSF;.WSH;.MSC;.PY;.PYW
PROCESSOR_ARCHITECTURE=AMD64
PROCESSOR_IDENTIFIER=Intel64 Family 6 Model 141 Stepping 1, GenuineIntel
PROCESSOR_LEVEL=6
PROCESSOR_REVISION=8d01
PRODVERSION_EXE=D:/Xilinx/Vitis/2024.1/bin/unwrapped/win64.o/prodversion.exe
ProgramData=C:\ProgramData
ProgramFiles=C:\Program Files
ProgramFiles(x86)=C:\Program Files (x86)
ProgramW6432=C:\Program Files
PROMPT=$P$G
PSModulePath=C:\Program Files\WindowsPowerShell\Modules;C:\Windows\system32\WindowsPowerShell\v1.0\Modules
PUBLIC=C:\Users\Public
PYTHONPATH=;D:/Xilinx/Vitis/2024.1\cli;D:/Xilinx/Vitis/2024.1\cli\python-packages\win64;D:/Xilinx/Vitis/2024.1\cli\python-packages\site-packages;D:/Xilinx/Vitis/2024.1\cli\proto;D:/Xilinx/Vitis/2024.1\scripts\python_pkg;
python_path=;D:/Xilinx/Vitis/2024.1\cli;D:/Xilinx/Vitis/2024.1\cli\python-packages\win64;D:/Xilinx/Vitis/2024.1\cli\python-packages\site-packages;D:/Xilinx/Vitis/2024.1\cli\proto;D:/Xilinx/Vitis/2024.1\scripts\python_pkg;
RDI_APPROOT=D:/Xilinx/Vitis/2024.1
RDI_ARGS= --mode hls --csim --config D:\design_project-code\SmartSentry\camera_fw\vitis\background_subtractor_mog2\hls_config.cfg --work_dir background_subtractor_mog2
RDI_ARGS_FUNCTION=RDI_EXEC_DEFAULT
RDI_BASEROOT=D:/Xilinx/Vitis
RDI_BINDIR=D:/Xilinx/Vitis/2024.1/bin
RDI_BINROOT=D:/Xilinx/Vitis/2024.1/bin
RDI_BUILD=yes
RDI_CHECK_PROG=True
RDI_DATADIR=D:/Xilinx/Vitis/2024.1/data
RDI_INSTALLROOT=D:/Xilinx
RDI_INSTALLVER=2024.1
RDI_INSTALLVERSION=2024.1
RDI_JAVACEFROOT=D:/Xilinx/Vitis/2024.1/tps/win64/java-cef-95.0.4638.69
RDI_JAVAFXROOT=D:/Xilinx/Vitis/2024.1/tps/win64/javafx-sdk-11.0.2
RDI_JAVAROOT=D:/Xilinx/Vitis/2024.1/tps/win64/jre11.0.16_1
RDI_JAVA_VERSION=11.0.16_1
RDI_LIBDIR=D:/Xilinx/Vitis/2024.1/lib/win64.o
RDI_MINGW_LIB=D:/Xilinx/Vitis/2024.1\tps\mingw\6.2.0\win64.o\nt\bin;D:/Xilinx/Vitis/2024.1\tps\mingw\6.2.0\win64.o\nt\libexec\gcc\x86_64-w64-mingw32\6.2.0
RDI_OPT_EXT=.o
RDI_OS_ARCH=64
RDI_PLATFORM=win64
RDI_PREPEND_PATH=D:/Xilinx/Vitis/2024.1/bin
RDI_PROG=D:/Xilinx/Vitis/2024.1/bin/unwrapped/win64.o/vitis-run.exe
RDI_PROGNAME=vitis-run.exe
RDI_SESSION_INFO=D:\Xilinx\Vitis\2024.1\bin:LAPTOP-PEAR-2024-07-21_18-44-04.91
RDI_SHARED_DATA=D:/Xilinx/SharedData/2024.1/data
RDI_TPS_ROOT=D:/Xilinx/Vivado/2024.1/tps/win64
RDI_USE_JDK11=1
RDI_VERBOSE=False
RT_LIBPATH=D:/Xilinx/Vitis/2024.1/scripts/rt/data
RT_TCL_PATH=D:/Xilinx/Vitis/2024.1/scripts/rt/base_tcl/tcl
SDKROOT=D:\Xilinx\Vitis\2024.1\tps\win64\lopper-1.1.0-packages\min_sdk\
SESSIONNAME=Console
session_string=D:\design_project-code\SmartSentry\camera_fw\vitis\background_subtractor_mog2:LAPTOP-PEAR-2024-07-21_21-44-33.76
SWIG_LIB=D:\Xilinx\Vitis\2024.1\tps\win64\lopper-1.1.0-packages\min_sdk\\usr\lib\swig\4.0.2
SYNTH_COMMON=D:/Xilinx/Vitis/2024.1/scripts/rt/data
SystemDrive=C:
SystemRoot=C:\Windows
TCL_LIBRARY=D:/Xilinx/Vitis/2024.1/tps/tcl/tcl8.6
TCMALLOC_LARGE_ALLOC_REPORT_THRESHOLD=4294967296
TEMP=C:\Users\yifei\AppData\Local\Temp
THEIA_APP_PROJECT_PATH=D:\Xilinx\Vitis\2024.1\ide\electron-app\win64\resources\app
THEIA_DEFAULT_PLUGINS=local-dir:D:\Xilinx\Vitis\2024.1\ide\electron-app\win64\resources\app\plugins
THEIA_ELECTRON_TOKEN={"value":"c6bdf2fd-2af0-4fb9-8df5-81b694b97617"}
THEIA_ELECTRON_VERSION=15.5.7
THEIA_PLUGINS=local-dir:C:\Users\yifei\.theia\plugins
TMP=C:\Users\yifei\AppData\Local\Temp
USERDOMAIN=LAPTOP-PEAR
USERDOMAIN_ROAMINGPROFILE=LAPTOP-PEAR
USERNAME=Pear
USERPROFILE=C:\Users\yifei
VITISNEW=true
VSCODE_API_VERSION=1.53.2
windir=C:\Windows
XILINX_HLS=D:/Xilinx\Vitis_HLS\2024.1
XILINX_PLANAHEAD=D:/Xilinx/Vitis/2024.1
XILINX_SDK=D:/Xilinx/Vitis/2024.1
XILINX_VERSION_DEFAULT=2024.1
XILINX_VERSION_VITIS=2024.1
XILINX_VITIS=D:/Xilinx\Vitis\2024.1
XILINX_VITIS_VERSION=Vitis v2024.1 (64-bit)
XILINX_VIVADO=D:/Xilinx/Vivado/2024.1
XILINX_VIVADO_HLS=D:/Xilinx/Vivado/2024.1
XIL_CHECK_TCL_DEBUG=False
XIL_NO_OVERRIDE=0
XIL_SUPPRESS_OVERRIDE_WARNINGS=1
XVREDIST=D:/Xilinx/Vitis/2024.1\tps\win64\xvcredist.exe
ZES_ENABLE_SYSMAN=1
_RDI_BINROOT=D:\Xilinx\Vitis\2024.1\bin
_RDI_CWD=D:\design_project-code\SmartSentry\camera_fw\vitis\background_subtractor_mog2
_RDI_DONT_SET_XILINX_AS_PATH=True
_RDI_VERSION_PROG=vitis-run
_valid=False
XILINX_CD_CONNECT_ID=62677
XILINX_CD_SESSION=4fdaa1bb-62c6-4efb-9c73-c2a9cd40dc71


VITIS-RUN command line:
------------------------------------------
D:/Xilinx/Vitis/2024.1/bin/unwrapped/win64.o/vitis-run.exe --mode hls --csim --config D:\design_project-code\SmartSentry\camera_fw\vitis\background_subtractor_mog2\hls_config.cfg --work_dir background_subtractor_mog2 

FINAL PROGRAM OPTIONS
--config D:\design_project-code\SmartSentry\camera_fw\vitis\background_subtractor_mog2\hls_config.cfg
--csim
--hls.csim.clean 1
--hls.csim.code_analyzer 1
--hls.flow_target vivado
--hls.package.output.format ip_catalog
--hls.package.output.syn false
--hls.sim.ldflags -L D:/OpenCV/install/x64/mingw/lib -lopencv_imgcodecs440 -lopencv_imgproc440 -lopencv_calib3d440 -lopencv_core440 -lopencv_highgui440 -lopencv_flann440 -lopencv_features2d440
--hls.syn.cflags -ID:/Xilinx/Vitis_Libraries/vision/L1/examples/remap/config -ID:/Xilinx/Vitis_Libraries/vision/L1/include -I D:/OpenCV/install/include -I ./ -D__SDSVHLS__ -std=c++14
--hls.syn.csimflags -ID:/Xilinx/Vitis_Libraries/vision/L1/examples/remap/config -ID:/Xilinx/Vitis_Libraries/vision/L1/include -I D:/OpenCV/install/include -I ./ -D__SDSVHLS__ -std=c++14
--hls.syn.file bg_sub.hpp
--hls.syn.file D:/design_project-code/SmartSentry/camera_fw/vitis/background_subtractor_mog2/bg_sub.cpp
--hls.syn.top bg_sub
--hls.tb.cflags -ID:/Xilinx/Vitis_Libraries/vision/L1/examples/remap/config -ID:/Xilinx/Vitis_Libraries/vision/L1/include -I D:/OpenCV/install/include -I ./ -D__SDSVHLS__ -std=c++14
--hls.tb.file D:\design_project-code\SmartSentry\camera_fw\vitis\subtract_test\captured_frames
--hls.tb.file bg_sub_tb.cpp
--mode hls
--part xc7z020clg400-1
--work_dir background_subtractor_mog2

PARSED COMMAND LINE OPTIONS
--mode hls 
--csim 
--config D:\design_project-code\SmartSentry\camera_fw\vitis\background_subtractor_mog2\hls_config.cfg 
--work_dir background_subtractor_mog2 

PARSED CONFIG FILE (1) OPTIONS
file: D:\design_project-code\SmartSentry\camera_fw\vitis\background_subtractor_mog2\hls_config.cfg
part xc7z020clg400-1 
hls.flow_target vivado 
hls.package.output.format ip_catalog 
hls.package.output.syn false 
hls.syn.top bg_sub 
hls.csim.code_analyzer 1 
hls.syn.cflags -ID:/Xilinx/Vitis_Libraries/vision/L1/examples/remap/config -ID:/Xilinx/Vitis_Libraries/vision/L1/include -I D:/OpenCV/install/include -I ./ -D__SDSVHLS__ -std=c++14 
hls.syn.csimflags -ID:/Xilinx/Vitis_Libraries/vision/L1/examples/remap/config -ID:/Xilinx/Vitis_Libraries/vision/L1/include -I D:/OpenCV/install/include -I ./ -D__SDSVHLS__ -std=c++14 
hls.sim.ldflags -L D:/OpenCV/install/x64/mingw/lib -lopencv_imgcodecs440 -lopencv_imgproc440 -lopencv_calib3d440 -lopencv_core440 -lopencv_highgui440 -lopencv_flann440 -lopencv_features2d440 
hls.tb.cflags -ID:/Xilinx/Vitis_Libraries/vision/L1/examples/remap/config -ID:/Xilinx/Vitis_Libraries/vision/L1/include -I D:/OpenCV/install/include -I ./ -D__SDSVHLS__ -std=c++14 
hls.csim.clean 1 
hls.syn.file bg_sub.hpp 
hls.syn.file D:/design_project-code/SmartSentry/camera_fw/vitis/background_subtractor_mog2/bg_sub.cpp 
hls.tb.file D:\design_project-code\SmartSentry\camera_fw\vitis\subtract_test\captured_frames 
hls.tb.file bg_sub_tb.cpp 


==========================================
new:  steps log generated by v++ for new launch 
timestamp: 21 Jul 2024 21:44:38
------------------------------------------
VITIS-RUN internal step: writing a config file for vitis_hls: D:/design_project-code/SmartSentry/camera_fw/vitis/background_subtractor_mog2/background_subtractor_mog2/hls/config.cmdline
timestamp: 21 Jul 2024 21:44:38
VITIS-RUN internal step status: success
------------------------------------------
VITIS-RUN internal step: running vitis_hls
timestamp: 21 Jul 2024 21:44:38
working dir: D:/design_project-code/SmartSentry/camera_fw/vitis/background_subtractor_mog2
cmd: vitis_hls -nolog -run csim -work_dir D:/design_project-code/SmartSentry/camera_fw/vitis/background_subtractor_mog2/background_subtractor_mog2 -config D:/design_project-code/SmartSentry/camera_fw/vitis/background_subtractor_mog2/hls_config.cfg -cmdlineconfig D:/design_project-code/SmartSentry/camera_fw/vitis/background_subtractor_mog2/background_subtractor_mog2/hls/config.cmdline
VITIS-RUN internal step status: fail

------------------------------------------
VITIS-RUN command line :
------------------------------------------
D:/Xilinx/Vitis/2024.1/bin/unwrapped/win64.o/vitis-run.exe --mode hls --csim --config D:\design_project-code\SmartSentry\camera_fw\vitis\background_subtractor_mog2\hls_config.cfg --work_dir background_subtractor_mog2 
  Options from -O    : 
  Options from *.ini : 
  Options from Hw Platform : 

==========================================
new:  steps log generated by v++ for new launch 
timestamp: 21 Jul 2024 21:44:59
------------------------------------------
VITIS-RUN internal step: writing a config file for vitis_hls: D:/design_project-code/SmartSentry/camera_fw/vitis/background_subtractor_mog2/background_subtractor_mog2/hls/config.cmdline
timestamp: 21 Jul 2024 21:44:59
VITIS-RUN internal step status: success
------------------------------------------
VITIS-RUN internal step: running vitis_hls
timestamp: 21 Jul 2024 21:44:59
working dir: D:/design_project-code/SmartSentry/camera_fw/vitis/background_subtractor_mog2
cmd: vitis_hls -nolog -run csim -work_dir D:/design_project-code/SmartSentry/camera_fw/vitis/background_subtractor_mog2/background_subtractor_mog2 -config D:/design_project-code/SmartSentry/camera_fw/vitis/background_subtractor_mog2/hls_config.cfg -cmdlineconfig D:/design_project-code/SmartSentry/camera_fw/vitis/background_subtractor_mog2/background_subtractor_mog2/hls/config.cmdline
VITIS-RUN internal step status: fail

------------------------------------------
VITIS-RUN command line :
------------------------------------------
D:/Xilinx/Vitis/2024.1/bin/unwrapped/win64.o/vitis-run.exe --mode hls --csim --config D:\design_project-code\SmartSentry\camera_fw\vitis\background_subtractor_mog2\hls_config.cfg --work_dir background_subtractor_mog2 
  Options from -O    : 
  Options from *.ini : 
  Options from Hw Platform : 

==========================================
new:  steps log generated by v++ for new launch 
timestamp: 21 Jul 2024 21:45:35
------------------------------------------
VITIS-RUN internal step: writing a config file for vitis_hls: D:/design_project-code/SmartSentry/camera_fw/vitis/background_subtractor_mog2/background_subtractor_mog2/hls/config.cmdline
timestamp: 21 Jul 2024 21:45:35
VITIS-RUN internal step status: success
------------------------------------------
VITIS-RUN internal step: running vitis_hls
timestamp: 21 Jul 2024 21:45:35
working dir: D:/design_project-code/SmartSentry/camera_fw/vitis/background_subtractor_mog2
cmd: vitis_hls -nolog -run csim -work_dir D:/design_project-code/SmartSentry/camera_fw/vitis/background_subtractor_mog2/background_subtractor_mog2 -config D:/design_project-code/SmartSentry/camera_fw/vitis/background_subtractor_mog2/hls_config.cfg -cmdlineconfig D:/design_project-code/SmartSentry/camera_fw/vitis/background_subtractor_mog2/background_subtractor_mog2/hls/config.cmdline
VITIS-RUN internal step status: fail

------------------------------------------
VITIS-RUN command line :
------------------------------------------
D:/Xilinx/Vitis/2024.1/bin/unwrapped/win64.o/vitis-run.exe --mode hls --csim --config D:\design_project-code\SmartSentry\camera_fw\vitis\background_subtractor_mog2\hls_config.cfg --work_dir background_subtractor_mog2 
  Options from -O    : 
  Options from *.ini : 
  Options from Hw Platform : 

==========================================
new:  steps log generated by v++ for new launch 
timestamp: 21 Jul 2024 21:46:26
------------------------------------------
VITIS-RUN internal step: writing a config file for vitis_hls: D:/design_project-code/SmartSentry/camera_fw/vitis/background_subtractor_mog2/background_subtractor_mog2/hls/config.cmdline
timestamp: 21 Jul 2024 21:46:26
VITIS-RUN internal step status: success
------------------------------------------
VITIS-RUN internal step: running vitis_hls
timestamp: 21 Jul 2024 21:46:26
working dir: D:/design_project-code/SmartSentry/camera_fw/vitis/background_subtractor_mog2
cmd: vitis_hls -nolog -run csim -work_dir D:/design_project-code/SmartSentry/camera_fw/vitis/background_subtractor_mog2/background_subtractor_mog2 -config D:/design_project-code/SmartSentry/camera_fw/vitis/background_subtractor_mog2/hls_config.cfg -cmdlineconfig D:/design_project-code/SmartSentry/camera_fw/vitis/background_subtractor_mog2/background_subtractor_mog2/hls/config.cmdline
VITIS-RUN internal step status: success
