INFO: [vitis-run 60-1548] Creating build summary session with primary output D:/design_project-code/SmartSentry/camera_fw/vitis/background_subtractor_mog2/background_subtractor_mog2\background_subtractor_mog2.hlsrun_csim_summary, at 07/21/24 21:44:38
INFO: [vitis-run 82-31] Launching vitis_hls: vitis_hls -nolog -run csim -work_dir D:/design_project-code/SmartSentry/camera_fw/vitis/background_subtractor_mog2/background_subtractor_mog2 -config D:/design_project-code/SmartSentry/camera_fw/vitis/background_subtractor_mog2/hls_config.cfg -cmdlineconfig D:/design_project-code/SmartSentry/camera_fw/vitis/background_subtractor_mog2/background_subtractor_mog2/hls/config.cmdline

****** Vitis HLS - High-Level Synthesis from C, C++ and OpenCL v2024.1 (64-bit)
  **** SW Build 5069499 on May 21 2024
  **** IP Build 5075265 on Wed May 22 21:45:21 MDT 2024
  **** SharedData Build 5076995 on Wed May 22 18:29:18 MDT 2024
  **** Start of session at: Sun Jul 21 21:44:40 2024
    ** Copyright 1986-2022 Xilinx, Inc. All Rights Reserved.
    ** Copyright 2022-2024 Advanced Micro Devices, Inc. All Rights Reserved.

source D:/Xilinx/Vitis_HLS/2024.1/scripts/vitis_hls/hls.tcl -notrace
INFO: [HLS 200-10] For user 'Pear' on host 'laptop-pear' (Windows NT_amd64 version 10.0) on Sun Jul 21 21:44:41 -0400 2024
INFO: [HLS 200-10] In directory 'D:/design_project-code/SmartSentry/camera_fw/vitis/background_subtractor_mog2'
INFO: [HLS 200-2005] Using work_dir D:/design_project-code/SmartSentry/camera_fw/vitis/background_subtractor_mog2/background_subtractor_mog2 
INFO: [HLS 200-1505] Using default flow_target 'vivado'
Resolution: For help on HLS 200-1505 see docs.xilinx.com/access/sources/dita/topic?Doc_Version=2024.1%20English&url=ug1448-hls-guidance&resourceid=200-1505.html
INFO: [HLS 200-1465] Applying ini 'syn.file=bg_sub.hpp' from D:/design_project-code/SmartSentry/camera_fw/vitis/background_subtractor_mog2/hls_config.cfg(14)
INFO: [HLS 200-10] Adding design file 'D:/design_project-code/SmartSentry/camera_fw/vitis/background_subtractor_mog2/bg_sub.hpp' to the project
INFO: [HLS 200-1465] Applying ini 'syn.file=D:/design_project-code/SmartSentry/camera_fw/vitis/background_subtractor_mog2/bg_sub.cpp' from D:/design_project-code/SmartSentry/camera_fw/vitis/background_subtractor_mog2/hls_config.cfg(15)
INFO: [HLS 200-10] Adding design file 'D:/design_project-code/SmartSentry/camera_fw/vitis/background_subtractor_mog2/bg_sub.cpp' to the project
INFO: [HLS 200-1465] Applying ini 'syn.cflags=-ID:/Xilinx/Vitis_Libraries/vision/L1/examples/remap/config -ID:/Xilinx/Vitis_Libraries/vision/L1/include -I D:/OpenCV/install/include -I ./ -D__SDSVHLS__ -std=c++14' from D:/design_project-code/SmartSentry/camera_fw/vitis/background_subtractor_mog2/hls_config.cfg(9)
INFO: [HLS 200-1465] Applying ini 'syn.csimflags=-ID:/Xilinx/Vitis_Libraries/vision/L1/examples/remap/config -ID:/Xilinx/Vitis_Libraries/vision/L1/include -I D:/OpenCV/install/include -I ./ -D__SDSVHLS__ -std=c++14' from D:/design_project-code/SmartSentry/camera_fw/vitis/background_subtractor_mog2/hls_config.cfg(10)
INFO: [HLS 200-1465] Applying ini 'tb.file=D:\design_project-code\SmartSentry\camera_fw\vitis\subtract_test\captured_frames' from D:/design_project-code/SmartSentry/camera_fw/vitis/background_subtractor_mog2/hls_config.cfg(16)
INFO: [HLS 200-10] Adding test bench file 'D:/design_project-code/SmartSentry/camera_fw/vitis/subtract_test/captured_frames' to the project
INFO: [HLS 200-1465] Applying ini 'tb.file=bg_sub_tb.cpp' from D:/design_project-code/SmartSentry/camera_fw/vitis/background_subtractor_mog2/hls_config.cfg(17)
INFO: [HLS 200-10] Adding test bench file 'D:/design_project-code/SmartSentry/camera_fw/vitis/background_subtractor_mog2/bg_sub_tb.cpp' to the project
INFO: [HLS 200-1465] Applying ini 'tb.cflags=-ID:/Xilinx/Vitis_Libraries/vision/L1/examples/remap/config -ID:/Xilinx/Vitis_Libraries/vision/L1/include -I D:/OpenCV/install/include -I ./ -D__SDSVHLS__ -std=c++14' from D:/design_project-code/SmartSentry/camera_fw/vitis/background_subtractor_mog2/hls_config.cfg(12)
INFO: [HLS 200-1465] Applying ini 'syn.top=bg_sub' from D:/design_project-code/SmartSentry/camera_fw/vitis/background_subtractor_mog2/hls_config.cfg(7)
INFO: [HLS 200-1465] Applying ini 'flow_target=vivado' from D:/design_project-code/SmartSentry/camera_fw/vitis/background_subtractor_mog2/hls_config.cfg(4)
INFO: [HLS 200-1505] Using flow_target 'vivado'
Resolution: For help on HLS 200-1505 see docs.xilinx.com/access/sources/dita/topic?Doc_Version=2024.1%20English&url=ug1448-hls-guidance&resourceid=200-1505.html
INFO: [HLS 200-1465] Applying ini 'part=xc7z020clg400-1' from D:/design_project-code/SmartSentry/camera_fw/vitis/background_subtractor_mog2/hls_config.cfg(1)
INFO: [HLS 200-1611] Setting target device to 'xc7z020-clg400-1'
INFO: [HLS 200-1465] Applying ini 'csim.clean=1' from D:/design_project-code/SmartSentry/camera_fw/vitis/background_subtractor_mog2/hls_config.cfg(13)
INFO: [HLS 200-1465] Applying ini 'csim.code_analyzer=1' from D:/design_project-code/SmartSentry/camera_fw/vitis/background_subtractor_mog2/hls_config.cfg(8)
INFO: [HLS 200-1465] Applying ini 'package.output.format=ip_catalog' from D:/design_project-code/SmartSentry/camera_fw/vitis/background_subtractor_mog2/hls_config.cfg(5)
INFO: [HLS 200-1465] Applying ini 'sim.ldflags=-L D:/OpenCV/install/x64/mingw/lib -lopencv_imgcodecs440 -lopencv_imgproc440 -lopencv_calib3d440 -lopencv_core440 -lopencv_highgui440 -lopencv_flann440 -lopencv_features2d440' from D:/design_project-code/SmartSentry/camera_fw/vitis/background_subtractor_mog2/hls_config.cfg(11)
INFO: [SIM 211-200] Executing Code Analyzer instead of classic HLS C simulation
INFO: [SIM 211-200] Cleaning
Traceback (most recent call last):
  File "D:\Xilinx\Vitis_HLS\2024.1\vcxx\libexec\slxcmd.py", line 38, in <module>
    sys.exit(slx.main.main())
  File "D:\Xilinx\Vitis_HLS\2024.1\vcxx\python\slx\main.py", line 130, in main
    return args.func(args)
  File "D:\Xilinx\Vitis_HLS\2024.1\vcxx\python\slx\buildmodel.py", line 275, in cmd_clean
    common.run(clean(ex_env))
  File "D:\Xilinx\Vitis_HLS\2024.1\vcxx\python\slx\common.py", line 49, in run
    return asyncio.get_event_loop().run_until_complete(coroutine)
  File "asyncio\base_events.py", line 649, in run_until_complete
  File "D:\Xilinx\Vitis_HLS\2024.1\vcxx\python\slx\buildmodel.py", line 62, in clean
    filesystem.rm_f(
  File "D:\Xilinx\Vitis_HLS\2024.1\vcxx\python\slx\filesystem.py", line 41, in rm_f
    shutil.rmtree(path)
  File "shutil.py", line 750, in rmtree
  File "shutil.py", line 620, in _rmtree_unsafe
  File "shutil.py", line 618, in _rmtree_unsafe
PermissionError: [WinError 32] The process cannot access the file because it is being used by another process: 'D:\\design_project-code\\SmartSentry\\camera_fw\\vitis\\background_subtractor_mog2\\background_subtractor_mog2\\hls\\csim\\code_analyzer\\log\\xcd.log'
ERROR: [SIM 211-200] Code Analyzer execution failed. Consider running the classic C simulation instead by disabling the hls.csim.code_analyzer option in the config file.
ERROR: Problem running csim: child process exited abnormally
INFO: [HLS 200-112] Total CPU user time: 2 seconds. Total CPU system time: 1 seconds. Total elapsed time: 3.595 seconds; peak allocated memory: 176.297 MB.
