07/21/24 21:44:36: Running xcd server. This server was NOT built by gradle, but presumably rdi.
07/21/24 21:44:36: Server was asked to start on port: '62677'
07/21/24 21:44:36: Server is using token UUID: 'ad1f2107-11f1-4b14-ad94-4aee9e85c331'
07/21/24 21:44:36: SESSION_MGR: creating session with session uuid: '6d04a3e9-ade5-4ab9-8d63-1f78fcd2ec76' and name 'default'
07/21/24 21:44:36: Attempting to start server on port '62677'
07/21/24 21:44:36: Running Dispatch Server
07/21/24 21:44:36: Version 2.2.0
07/21/24 21:44:38: Dispatch Server: Accepted socket connection from client
07/21/24 21:44:38: Starting Socket connection
07/21/24 21:44:38: EXCHANGE_TOKEN received, server token: ad1f2107-11f1-4b14-ad94-4aee9e85c331, passed token: ad1f2107-11f1-4b14-ad94-4aee9e85c331
07/21/24 21:44:38: DISPATCH_HANDLER: Adding handler from function makeHandler in library librdi_system_diagram failed with exception: Could not dynamically load librdi_system_diagram.dll
07/21/24 21:44:38: SESSION_MGR: creating session with session uuid: '4fdaa1bb-62c6-4efb-9c73-c2a9cd40dc71' and name 'vitis-run_compile_background_subtractor_mog2'
07/21/24 21:44:38: KERNEL_SVC: creating session with uuid: '4fdaa1bb-62c6-4efb-9c73-c2a9cd40dc71' and name 'vitis-run_compile_background_subtractor_mog2'
07/21/24 21:44:38: GUIDANCE_SMGR: creating guidance session with uuid: '4fdaa1bb-62c6-4efb-9c73-c2a9cd40dc71' and name 'vitis-run_compile_background_subtractor_mog2'
07/21/24 21:44:43: Dispatch Server: Accepted socket connection from client
07/21/24 21:44:43: Starting Socket connection
07/21/24 21:44:43: SESSION_MGR: closing session for UUID '4fdaa1bb-62c6-4efb-9c73-c2a9cd40dc71' with name 'vitis-run_compile_background_subtractor_mog2'
07/21/24 21:44:43: KERNEL_SVC: closing session for UUID '4fdaa1bb-62c6-4efb-9c73-c2a9cd40dc71' with name 'vitis-run_compile_background_subtractor_mog2'
07/21/24 21:44:43: GUIDANCE_SMGR: closing session for UUID '4fdaa1bb-62c6-4efb-9c73-c2a9cd40dc71' with name 'vitis-run_compile_background_subtractor_mog2'
07/21/24 21:44:43: STOP_SERVER received, server token: ad1f2107-11f1-4b14-ad94-4aee9e85c331, passed token: ad1f2107-11f1-4b14-ad94-4aee9e85c331
07/21/24 21:44:43: Socket received request to stop server.
07/21/24 21:44:43: Dispatch Server: do_await_stop
07/21/24 21:44:43: SERVER: destructor for server bound to port 62677
07/21/24 21:44:43: Server exiting with status 0.
07/21/24 21:44:43: Closing log file.
07/21/24 21:44:57: Running xcd server. This server was NOT built by gradle, but presumably rdi.
07/21/24 21:44:57: Server was asked to start on port: '62692'
07/21/24 21:44:57: Server is using token UUID: 'a123a14c-8fbf-47ee-b9c6-da8a80adf070'
07/21/24 21:44:57: SESSION_MGR: creating session with session uuid: '6d04a3e9-ade5-4ab9-8d63-1f78fcd2ec76' and name 'default'
07/21/24 21:44:57: Attempting to start server on port '62692'
07/21/24 21:44:57: Running Dispatch Server
07/21/24 21:44:57: Version 2.2.0
07/21/24 21:44:59: Dispatch Server: Accepted socket connection from client
07/21/24 21:44:59: Starting Socket connection
07/21/24 21:44:59: EXCHANGE_TOKEN received, server token: a123a14c-8fbf-47ee-b9c6-da8a80adf070, passed token: a123a14c-8fbf-47ee-b9c6-da8a80adf070
07/21/24 21:44:59: DISPATCH_HANDLER: Adding handler from function makeHandler in library librdi_system_diagram failed with exception: Could not dynamically load librdi_system_diagram.dll
07/21/24 21:44:59: SESSION_MGR: creating session with session uuid: 'db92d215-4aae-4bd0-8c8f-becb18dfb4bd' and name 'vitis-run_compile_background_subtractor_mog2'
07/21/24 21:44:59: KERNEL_SVC: creating session with uuid: 'db92d215-4aae-4bd0-8c8f-becb18dfb4bd' and name 'vitis-run_compile_background_subtractor_mog2'
07/21/24 21:44:59: GUIDANCE_SMGR: creating guidance session with uuid: 'db92d215-4aae-4bd0-8c8f-becb18dfb4bd' and name 'vitis-run_compile_background_subtractor_mog2'
07/21/24 21:45:04: Dispatch Server: Accepted socket connection from client
07/21/24 21:45:04: Starting Socket connection
07/21/24 21:45:09: SESSION_MGR: closing session for UUID 'db92d215-4aae-4bd0-8c8f-becb18dfb4bd' with name 'vitis-run_compile_background_subtractor_mog2'
07/21/24 21:45:09: KERNEL_SVC: closing session for UUID 'db92d215-4aae-4bd0-8c8f-becb18dfb4bd' with name 'vitis-run_compile_background_subtractor_mog2'
07/21/24 21:45:09: GUIDANCE_SMGR: closing session for UUID 'db92d215-4aae-4bd0-8c8f-becb18dfb4bd' with name 'vitis-run_compile_background_subtractor_mog2'
07/21/24 21:45:09: STOP_SERVER received, server token: a123a14c-8fbf-47ee-b9c6-da8a80adf070, passed token: a123a14c-8fbf-47ee-b9c6-da8a80adf070
07/21/24 21:45:09: Socket received request to stop server.
07/21/24 21:45:09: Dispatch Server: do_await_stop
07/21/24 21:45:09: SERVER: destructor for server bound to port 62692
07/21/24 21:45:09: Server exiting with status 0.
07/21/24 21:45:09: Closing log file.
07/21/24 21:45:34: Running xcd server. This server was NOT built by gradle, but presumably rdi.
07/21/24 21:45:34: Server was asked to start on port: '62710'
07/21/24 21:45:34: Server is using token UUID: '7ccbd41e-c489-4421-a254-d4f537fc27eb'
07/21/24 21:45:34: SESSION_MGR: creating session with session uuid: '6d04a3e9-ade5-4ab9-8d63-1f78fcd2ec76' and name 'default'
07/21/24 21:45:34: Attempting to start server on port '62710'
07/21/24 21:45:34: Running Dispatch Server
07/21/24 21:45:34: Version 2.2.0
07/21/24 21:45:35: Dispatch Server: Accepted socket connection from client
07/21/24 21:45:35: Starting Socket connection
07/21/24 21:45:35: EXCHANGE_TOKEN received, server token: 7ccbd41e-c489-4421-a254-d4f537fc27eb, passed token: 7ccbd41e-c489-4421-a254-d4f537fc27eb
07/21/24 21:45:35: DISPATCH_HANDLER: Adding handler from function makeHandler in library librdi_system_diagram failed with exception: Could not dynamically load librdi_system_diagram.dll
07/21/24 21:45:35: SESSION_MGR: creating session with session uuid: '99a40437-3478-4e3b-a775-d0452deb3cae' and name 'vitis-run_compile_background_subtractor_mog2'
07/21/24 21:45:35: KERNEL_SVC: creating session with uuid: '99a40437-3478-4e3b-a775-d0452deb3cae' and name 'vitis-run_compile_background_subtractor_mog2'
07/21/24 21:45:35: GUIDANCE_SMGR: creating guidance session with uuid: '99a40437-3478-4e3b-a775-d0452deb3cae' and name 'vitis-run_compile_background_subtractor_mog2'
07/21/24 21:45:41: Dispatch Server: Accepted socket connection from client
07/21/24 21:45:41: Starting Socket connection
07/21/24 21:46:04: SESSION_MGR: closing session for UUID '99a40437-3478-4e3b-a775-d0452deb3cae' with name 'vitis-run_compile_background_subtractor_mog2'
07/21/24 21:46:04: KERNEL_SVC: closing session for UUID '99a40437-3478-4e3b-a775-d0452deb3cae' with name 'vitis-run_compile_background_subtractor_mog2'
07/21/24 21:46:04: GUIDANCE_SMGR: closing session for UUID '99a40437-3478-4e3b-a775-d0452deb3cae' with name 'vitis-run_compile_background_subtractor_mog2'
07/21/24 21:46:04: STOP_SERVER received, server token: 7ccbd41e-c489-4421-a254-d4f537fc27eb, passed token: 7ccbd41e-c489-4421-a254-d4f537fc27eb
07/21/24 21:46:04: Socket received request to stop server.
07/21/24 21:46:04: Dispatch Server: do_await_stop
07/21/24 21:46:04: SERVER: destructor for server bound to port 62710
07/21/24 21:46:04: Server exiting with status 0.
07/21/24 21:46:04: Closing log file.
07/21/24 21:46:24: Running xcd server. This server was NOT built by gradle, but presumably rdi.
07/21/24 21:46:24: Server was asked to start on port: '62751'
07/21/24 21:46:24: Server is using token UUID: '7857a5d8-37a1-4bcc-baa6-424422aa76a0'
07/21/24 21:46:24: SESSION_MGR: creating session with session uuid: '6d04a3e9-ade5-4ab9-8d63-1f78fcd2ec76' and name 'default'
07/21/24 21:46:24: Attempting to start server on port '62751'
07/21/24 21:46:24: Running Dispatch Server
07/21/24 21:46:24: Version 2.2.0
07/21/24 21:46:26: Dispatch Server: Accepted socket connection from client
07/21/24 21:46:26: Starting Socket connection
07/21/24 21:46:26: EXCHANGE_TOKEN received, server token: 7857a5d8-37a1-4bcc-baa6-424422aa76a0, passed token: 7857a5d8-37a1-4bcc-baa6-424422aa76a0
07/21/24 21:46:26: DISPATCH_HANDLER: Adding handler from function makeHandler in library librdi_system_diagram failed with exception: Could not dynamically load librdi_system_diagram.dll
07/21/24 21:46:26: SESSION_MGR: creating session with session uuid: 'd6ed0752-cb1f-49a4-b929-a1c253a4ba8b' and name 'vitis-run_compile_background_subtractor_mog2'
07/21/24 21:46:26: KERNEL_SVC: creating session with uuid: 'd6ed0752-cb1f-49a4-b929-a1c253a4ba8b' and name 'vitis-run_compile_background_subtractor_mog2'
07/21/24 21:46:26: GUIDANCE_SMGR: creating guidance session with uuid: 'd6ed0752-cb1f-49a4-b929-a1c253a4ba8b' and name 'vitis-run_compile_background_subtractor_mog2'
07/21/24 21:46:31: Dispatch Server: Accepted socket connection from client
07/21/24 21:46:31: Starting Socket connection
07/21/24 21:47:39: SESSION_MGR: closing session for UUID 'd6ed0752-cb1f-49a4-b929-a1c253a4ba8b' with name 'vitis-run_compile_background_subtractor_mog2'
07/21/24 21:47:39: KERNEL_SVC: closing session for UUID 'd6ed0752-cb1f-49a4-b929-a1c253a4ba8b' with name 'vitis-run_compile_background_subtractor_mog2'
07/21/24 21:47:39: GUIDANCE_SMGR: closing session for UUID 'd6ed0752-cb1f-49a4-b929-a1c253a4ba8b' with name 'vitis-run_compile_background_subtractor_mog2'
07/21/24 21:47:39: STOP_SERVER received, server token: 7857a5d8-37a1-4bcc-baa6-424422aa76a0, passed token: 7857a5d8-37a1-4bcc-baa6-424422aa76a0
07/21/24 21:47:39: Socket received request to stop server.
07/21/24 21:47:39: Dispatch Server: do_await_stop
07/21/24 21:47:39: SERVER: destructor for server bound to port 62751
07/21/24 21:47:39: Server exiting with status 0.
07/21/24 21:47:39: Closing log file.
